#
# There is insufficient memory for the Java Runtime Environment to continue.
# Native memory allocation (malloc) failed to allocate 12288 bytes for committing reserved memory.
# Possible reasons:
#   The system is out of physical RAM or swap space
#   In 32 bit mode, the process size limit was hit
# Possible solutions:
#   Reduce memory load on the system
#   Increase physical memory or swap space
#   Check if swap backing store is full
#   Use 64 bit Java on a 64 bit OS
#   Decrease Java heap size (-Xmx/-Xms)
#   Decrease number of Java threads
#   Decrease Java thread stack sizes (-Xss)
#   Set larger code cache with -XX:ReservedCodeCacheSize=
# This output file may be truncated or incomplete.
#
#  Out of Memory Error (os_linux.cpp:2756), pid=42593, tid=47411860252416
#
# JRE version: Java(TM) SE Runtime Environment (7.0_79-b15) (build 1.7.0_79-b15)
# Java VM: Java HotSpot(TM) 64-Bit Server VM (24.79-b02 mixed mode linux-amd64 compressed oops)
# Failed to write core dump. Core dumps have been disabled. To enable core dumping, try "ulimit -c unlimited" before starting Java again
#

---------------  T H R E A D  ---------------

Current thread (0x00002b1ef0009000):  JavaThread "Unknown thread" [_thread_in_vm, id=42594, stack(0x00002b1eef06a000,0x00002b1eef16b000)]

Stack: [0x00002b1eef06a000,0x00002b1eef16b000],  sp=0x00002b1eef1699b0,  free space=1022k
Native frames: (J=compiled Java code, j=interpreted, Vv=VM code, C=native code)
V  [libjvm.so+0x9a32da]  VMError::report_and_die()+0x2ea
V  [libjvm.so+0x497f7b]  report_vm_out_of_memory(char const*, int, unsigned long, char const*)+0x9b
V  [libjvm.so+0x81fcce]  os::Linux::commit_memory_impl(char*, unsigned long, bool)+0xfe
V  [libjvm.so+0x81fd8c]  os::pd_commit_memory(char*, unsigned long, bool)+0xc
V  [libjvm.so+0x817afa]  os::commit_memory(char*, unsigned long, bool)+0x2a
V  [libjvm.so+0x81e25d]  os::pd_create_stack_guard_pages(char*, unsigned long)+0x6d
V  [libjvm.so+0x95581e]  JavaThread::create_stack_guard_pages()+0x5e
V  [libjvm.so+0x639cc5]  attach_current_thread+0xb5
V  [libjvm.so+0x639b38]  jni_DestroyJavaVM+0x58
C  [libjli.so+0x316d]  JavaMain+0x27d


---------------  P R O C E S S  ---------------

Java Threads: ( => current thread )
  0x00002b1ef00ae000 JavaThread "Service Thread" daemon [_thread_blocked, id=42615, stack(0x00002b1f38505000,0x00002b1f38606000)]
  0x00002b1ef00ab800 JavaThread "C2 CompilerThread1" daemon [_thread_blocked, id=42614, stack(0x00002b1f38404000,0x00002b1f38505000)]
  0x00002b1ef00a8800 JavaThread "C2 CompilerThread0" daemon [_thread_blocked, id=42613, stack(0x00002b1f38303000,0x00002b1f38404000)]
  0x00002b1ef00a6000 JavaThread "Signal Dispatcher" daemon [_thread_blocked, id=42612, stack(0x00002b1f38202000,0x00002b1f38303000)]
  0x00002b1ef0084000 JavaThread "Finalizer" daemon [_thread_blocked, id=42610, stack(0x00002b1f38101000,0x00002b1f38202000)]
  0x00002b1ef0081800 JavaThread "Reference Handler" daemon [_thread_blocked, id=42609, stack(0x00002b1f38000000,0x00002b1f38101000)]

Other Threads:
  0x00002b1ef007d800 VMThread [stack: 0x00002b1f2ebf8000,0x00002b1f2ecf9000] [id=42608]
  0x00002b1ef00b8800 WatcherThread [stack: 0x00002b1f38606000,0x00002b1f38707000] [id=42616]

=>0x00002b1ef0009000 (exited) JavaThread "Unknown thread" [_thread_in_vm, id=42594, stack(0x00002b1eef06a000,0x00002b1eef16b000)]

VM state:not at safepoint (normal execution)

VM Mutex/Monitor currently owned by a thread: None

Heap
 PSYoungGen      total 336896K, used 109571K [0x00000000eaa80000, 0x00000000fff00000, 0x0000000100000000)
  eden space 330240K, 31% used [0x00000000eaa80000,0x00000000f0f67b60,0x00000000fed00000)
  from space 6656K, 93% used [0x00000000fed00000,0x00000000ff319278,0x00000000ff380000)
  to   space 9216K, 0% used [0x00000000ff600000,0x00000000ff600000,0x00000000fff00000)
 ParOldGen       total 349696K, used 5011K [0x00000000c0000000, 0x00000000d5580000, 0x00000000eaa80000)
  object space 349696K, 1% used [0x00000000c0000000,0x00000000c04e4c08,0x00000000d5580000)
 PSPermGen       total 21504K, used 10495K [0x00000000bae00000, 0x00000000bc300000, 0x00000000c0000000)
  object space 21504K, 48% used [0x00000000bae00000,0x00000000bb83ffd8,0x00000000bc300000)

Card table byte_map: [0x00002b1ef70c0000,0x00002b1ef72ea000] byte_map_base: 0x00002b1ef6ae9000

Polling page: 0x00002b1eef5a4000

Code Cache  [0x00002b1ef4000000, 0x00002b1ef4270000, 0x00002b1ef7000000)
 total_blobs=1037 nmethods=723 adapters=267 free_code_cache=47080Kb largest_free_block=48160512

Compilation events (10 events):
Event: 37.838 Thread 0x00002b1ef00ab800 nmethod 727 0x00002b1ef41f5450 code [0x00002b1ef41f5660, 0x00002b1ef41f5a08]
Event: 37.838 Thread 0x00002b1ef00ab800  728             com.microsoft.z3.ASTVectorDecRefQueue::<init> (5 bytes)
Event: 37.840 Thread 0x00002b1ef00ab800 nmethod 728 0x00002b1ef41f2a90 code [0x00002b1ef41f2be0, 0x00002b1ef41f2d18]
Event: 37.840 Thread 0x00002b1ef00ab800  729             com.microsoft.z3.ProbeDecRefQueue::<init> (5 bytes)
Event: 37.841 Thread 0x00002b1ef00ab800 nmethod 729 0x00002b1ef41f50d0 code [0x00002b1ef41f5220, 0x00002b1ef41f5358]
Event: 37.841 Thread 0x00002b1ef00ab800  730             com.microsoft.z3.StatisticsDecRefQueue::<init> (5 bytes)
Event: 37.852 Thread 0x00002b1ef00ab800 nmethod 730 0x00002b1ef41f4d50 code [0x00002b1ef41f4ea0, 0x00002b1ef41f4fd8]
Event: 37.907 Thread 0x00002b1ef00a8800 nmethod 726 0x00002b1ef420e710 code [0x00002b1ef420eb80, 0x00002b1ef42105d8]
Event: 38.015 Thread 0x00002b1ef00ab800  731             gov.nasa.jpf.symbc.bytecode.IFGT::execute (40 bytes)
Event: 38.017 Thread 0x00002b1ef00ab800 nmethod 731 0x00002b1ef41f48d0 code [0x00002b1ef41f4a40, 0x00002b1ef41f4b78]

GC Heap History (10 events):
Event: 23.868 GC heap before
{Heap before GC invocations=7 (full 0):
 PSYoungGen      total 319488K, used 318688K [0x00000000eaa80000, 0x0000000100000000, 0x0000000100000000)
  eden space 310784K, 100% used [0x00000000eaa80000,0x00000000fda00000,0x00000000fda00000)
  from space 8704K, 90% used [0x00000000fe300000,0x00000000feab8030,0x00000000feb80000)
  to   space 9216K, 0% used [0x00000000fda00000,0x00000000fda00000,0x00000000fe300000)
 ParOldGen       total 349696K, used 32K [0x00000000c0000000, 0x00000000d5580000, 0x00000000eaa80000)
  object space 349696K, 0% used [0x00000000c0000000,0x00000000c0008000,0x00000000d5580000)
 PSPermGen       total 21504K, used 10453K [0x00000000bae00000, 0x00000000bc300000, 0x00000000c0000000)
  object space 21504K, 48% used [0x00000000bae00000,0x00000000bb835478,0x00000000bc300000)
Event: 23.976 GC heap after
Heap after GC invocations=7 (full 0):
 PSYoungGen      total 320000K, used 4288K [0x00000000eaa80000, 0x0000000100000000, 0x0000000100000000)
  eden space 310784K, 0% used [0x00000000eaa80000,0x00000000eaa80000,0x00000000fda00000)
  from space 9216K, 46% used [0x00000000fda00000,0x00000000fde30000,0x00000000fe300000)
  to   space 9728K, 0% used [0x00000000ff680000,0x00000000ff680000,0x0000000100000000)
 ParOldGen       total 349696K, used 4066K [0x00000000c0000000, 0x00000000d5580000, 0x00000000eaa80000)
  object space 349696K, 1% used [0x00000000c0000000,0x00000000c03f8a60,0x00000000d5580000)
 PSPermGen       total 21504K, used 10453K [0x00000000bae00000, 0x00000000bc300000, 0x00000000c0000000)
  object space 21504K, 48% used [0x00000000bae00000,0x00000000bb835478,0x00000000bc300000)
}
Event: 27.388 GC heap before
{Heap before GC invocations=8 (full 0):
 PSYoungGen      total 320000K, used 315072K [0x00000000eaa80000, 0x0000000100000000, 0x0000000100000000)
  eden space 310784K, 100% used [0x00000000eaa80000,0x00000000fda00000,0x00000000fda00000)
  from space 9216K, 46% used [0x00000000fda00000,0x00000000fde30000,0x00000000fe300000)
  to   space 9728K, 0% used [0x00000000ff680000,0x00000000ff680000,0x0000000100000000)
 ParOldGen       total 349696K, used 4066K [0x00000000c0000000, 0x00000000d5580000, 0x00000000eaa80000)
  object space 349696K, 1% used [0x00000000c0000000,0x00000000c03f8a60,0x00000000d5580000)
 PSPermGen       total 21504K, used 10462K [0x00000000bae00000, 0x00000000bc300000, 0x00000000c0000000)
  object space 21504K, 48% used [0x00000000bae00000,0x00000000bb837a98,0x00000000bc300000)
Event: 27.458 GC heap after
Heap after GC invocations=8 (full 0):
 PSYoungGen      total 339968K, used 4248K [0x00000000eaa80000, 0x0000000100000000, 0x0000000100000000)
  eden space 330240K, 0% used [0x00000000eaa80000,0x00000000eaa80000,0x00000000fed00000)
  from space 9728K, 43% used [0x00000000ff680000,0x00000000ffaa61a8,0x0000000100000000)
  to   space 9728K, 0% used [0x00000000fed00000,0x00000000fed00000,0x00000000ff680000)
 ParOldGen       total 349696K, used 4282K [0x00000000c0000000, 0x00000000d5580000, 0x00000000eaa80000)
  object space 349696K, 1% used [0x00000000c0000000,0x00000000c042ea60,0x00000000d5580000)
 PSPermGen       total 21504K, used 10462K [0x00000000bae00000, 0x00000000bc300000, 0x00000000c0000000)
  object space 21504K, 48% used [0x00000000bae00000,0x00000000bb837a98,0x00000000bc300000)
}
Event: 30.834 GC heap before
{Heap before GC invocations=9 (full 0):
 PSYoungGen      total 339968K, used 334488K [0x00000000eaa80000, 0x0000000100000000, 0x0000000100000000)
  eden space 330240K, 100% used [0x00000000eaa80000,0x00000000fed00000,0x00000000fed00000)
  from space 9728K, 43% used [0x00000000ff680000,0x00000000ffaa61a8,0x0000000100000000)
  to   space 9728K, 0% used [0x00000000fed00000,0x00000000fed00000,0x00000000ff680000)
 ParOldGen       total 349696K, used 4282K [0x00000000c0000000, 0x00000000d5580000, 0x00000000eaa80000)
  object space 349696K, 1% used [0x00000000c0000000,0x00000000c042ea60,0x00000000d5580000)
 PSPermGen       total 21504K, used 10466K [0x00000000bae00000, 0x00000000bc300000, 0x00000000c0000000)
  object space 21504K, 48% used [0x00000000bae00000,0x00000000bb838850,0x00000000bc300000)
Event: 30.945 GC heap after
Heap after GC invocations=9 (full 0):
 PSYoungGen      total 339968K, used 4856K [0x00000000eaa80000, 0x0000000100000000, 0x0000000100000000)
  eden space 330240K, 0% used [0x00000000eaa80000,0x00000000eaa80000,0x00000000fed00000)
  from space 9728K, 49% used [0x00000000fed00000,0x00000000ff1be1a8,0x00000000ff680000)
  to   space 9728K, 0% used [0x00000000ff680000,0x00000000ff680000,0x0000000100000000)
 ParOldGen       total 349696K, used 4490K [0x00000000c0000000, 0x00000000d5580000, 0x00000000eaa80000)
  object space 349696K, 1% used [0x00000000c0000000,0x00000000c0462a60,0x00000000d5580000)
 PSPermGen       total 21504K, used 10466K [0x00000000bae00000, 0x00000000bc300000, 0x00000000c0000000)
  object space 21504K, 48% used [0x00000000bae00000,0x00000000bb838850,0x00000000bc300000)
}
Event: 34.058 GC heap before
{Heap before GC invocations=10 (full 0):
 PSYoungGen      total 339968K, used 335096K [0x00000000eaa80000, 0x0000000100000000, 0x0000000100000000)
  eden space 330240K, 100% used [0x00000000eaa80000,0x00000000fed00000,0x00000000fed00000)
  from space 9728K, 49% used [0x00000000fed00000,0x00000000ff1be1a8,0x00000000ff680000)
  to   space 9728K, 0% used [0x00000000ff680000,0x00000000ff680000,0x0000000100000000)
 ParOldGen       total 349696K, used 4490K [0x00000000c0000000, 0x00000000d5580000, 0x00000000eaa80000)
  object space 349696K, 1% used [0x00000000c0000000,0x00000000c0462a60,0x00000000d5580000)
 PSPermGen       total 21504K, used 10467K [0x00000000bae00000, 0x00000000bc300000, 0x00000000c0000000)
  object space 21504K, 48% used [0x00000000bae00000,0x00000000bb838ff8,0x00000000bc300000)
Event: 34.142 GC heap after
Heap after GC invocations=10 (full 0):
 PSYoungGen      total 339968K, used 5568K [0x00000000eaa80000, 0x0000000100000000, 0x0000000100000000)
  eden space 330240K, 0% used [0x00000000eaa80000,0x00000000eaa80000,0x00000000fed00000)
  from space 9728K, 57% used [0x00000000ff680000,0x00000000ffbf0000,0x0000000100000000)
  to   space 9728K, 0% used [0x00000000fed00000,0x00000000fed00000,0x00000000ff680000)
 ParOldGen       total 349696K, used 4755K [0x00000000c0000000, 0x00000000d5580000, 0x00000000eaa80000)
  object space 349696K, 1% used [0x00000000c0000000,0x00000000c04a4c08,0x00000000d5580000)
 PSPermGen       total 21504K, used 10467K [0x00000000bae00000, 0x00000000bc300000, 0x00000000c0000000)
  object space 21504K, 48% used [0x00000000bae00000,0x00000000bb838ff8,0x00000000bc300000)
}
Event: 37.701 GC heap before
{Heap before GC invocations=11 (full 0):
 PSYoungGen      total 339968K, used 335808K [0x00000000eaa80000, 0x0000000100000000, 0x0000000100000000)
  eden space 330240K, 100% used [0x00000000eaa80000,0x00000000fed00000,0x00000000fed00000)
  from space 9728K, 57% used [0x00000000ff680000,0x00000000ffbf0000,0x0000000100000000)
  to   space 9728K, 0% used [0x00000000fed00000,0x00000000fed00000,0x00000000ff680000)
 ParOldGen       total 349696K, used 4755K [0x00000000c0000000, 0x00000000d5580000, 0x00000000eaa80000)
  object space 349696K, 1% used [0x00000000c0000000,0x00000000c04a4c08,0x00000000d5580000)
 PSPermGen       total 21504K, used 10486K [0x00000000bae00000, 0x00000000bc300000, 0x00000000c0000000)
  object space 21504K, 48% used [0x00000000bae00000,0x00000000bb83dbd0,0x00000000bc300000)
Event: 37.812 GC heap after
Heap after GC invocations=11 (full 0):
 PSYoungGen      total 336896K, used 6244K [0x00000000eaa80000, 0x00000000fff00000, 0x0000000100000000)
  eden space 330240K, 0% used [0x00000000eaa80000,0x00000000eaa80000,0x00000000fed00000)
  from space 6656K, 93% used [0x00000000fed00000,0x00000000ff319278,0x00000000ff380000)
  to   space 9216K, 0% used [0x00000000ff600000,0x00000000ff600000,0x00000000fff00000)
 ParOldGen       total 349696K, used 5011K [0x00000000c0000000, 0x00000000d5580000, 0x00000000eaa80000)
  object space 349696K, 1% used [0x00000000c0000000,0x00000000c04e4c08,0x00000000d5580000)
 PSPermGen       total 21504K, used 10486K [0x00000000bae00000, 0x00000000bc300000, 0x00000000c0000000)
  object space 21504K, 48% used [0x00000000bae00000,0x00000000bb83dbd0,0x00000000bc300000)
}

Deoptimization events (10 events):
Event: 5.727 Thread 0x00002b1ef0009000 Uncommon trap: reason=array_check action=maybe_recompile pc=0x00002b1ef40e3314 method=java.util.AbstractCollection.toArray([Ljava/lang/Object;)[Ljava/lang/Object; @ 119
Event: 5.727 Thread 0x00002b1ef0009000 Uncommon trap: reason=array_check action=maybe_recompile pc=0x00002b1ef40e3314 method=java.util.AbstractCollection.toArray([Ljava/lang/Object;)[Ljava/lang/Object; @ 119
Event: 5.727 Thread 0x00002b1ef0009000 Uncommon trap: reason=array_check action=maybe_recompile pc=0x00002b1ef40e3314 method=java.util.AbstractCollection.toArray([Ljava/lang/Object;)[Ljava/lang/Object; @ 119
Event: 5.727 Thread 0x00002b1ef0009000 Uncommon trap: reason=array_check action=maybe_recompile pc=0x00002b1ef40e3314 method=java.util.AbstractCollection.toArray([Ljava/lang/Object;)[Ljava/lang/Object; @ 119
Event: 6.312 Thread 0x00002b1ef0081800 Uncommon trap: reason=unreached action=reinterpret pc=0x00002b1ef40e8fac method=java.lang.ref.ReferenceQueue.enqueue(Ljava/lang/ref/Reference;)Z @ 37
Event: 6.453 Thread 0x00002b1ef0084000 Uncommon trap: reason=unreached action=reinterpret pc=0x00002b1ef40f5fe0 method=java.lang.ref.ReferenceQueue.reallyPoll()Ljava/lang/ref/Reference; @ 4
Event: 11.074 Thread 0x00002b1ef0084000 Uncommon trap: reason=unreached action=reinterpret pc=0x00002b1ef40f51a4 method=java.lang.ref.Finalizer.remove()V @ 10
Event: 11.074 Thread 0x00002b1ef0084000 Uncommon trap: reason=unreached action=reinterpret pc=0x00002b1ef40f7ac0 method=java.lang.ref.Finalizer.remove()V @ 10
Event: 29.749 Thread 0x00002b1ef0009000 Uncommon trap: reason=class_check action=maybe_recompile pc=0x00002b1ef41b023c method=gov.nasa.jpf.vm.ChoiceGeneratorBase.getCascadedParent()Lgov/nasa/jpf/vm/ChoiceGenerator; @ 11
Event: 38.853 Thread 0x00002b1ef0009000 Uncommon trap: reason=unreached action=reinterpret pc=0x00002b1ef41747c8 method=java.lang.Class.getName()Ljava/lang/String; @ 6

Internal exceptions (10 events):
Event: 4.219 Thread 0x00002b1ef0009000 Threw 0x00000000ed1ccab0 at /HUDSON/workspace/7u-2-build-linux-amd64/jdk7u79/2331/hotspot/src/share/vm/prims/jvm.cpp:1304
Event: 4.219 Thread 0x00002b1ef0009000 Threw 0x00000000ed1d0890 at /HUDSON/workspace/7u-2-build-linux-amd64/jdk7u79/2331/hotspot/src/share/vm/prims/jvm.cpp:1304
Event: 4.220 Thread 0x00002b1ef0009000 Threw 0x00000000ed1d4170 at /HUDSON/workspace/7u-2-build-linux-amd64/jdk7u79/2331/hotspot/src/share/vm/prims/jvm.cpp:1304
Event: 4.220 Thread 0x00002b1ef0009000 Threw 0x00000000ed1d8210 at /HUDSON/workspace/7u-2-build-linux-amd64/jdk7u79/2331/hotspot/src/share/vm/prims/jvm.cpp:1304
Event: 4.225 Thread 0x00002b1ef0009000 Threw 0x00000000ed1dd930 at /HUDSON/workspace/7u-2-build-linux-amd64/jdk7u79/2331/hotspot/src/share/vm/prims/jvm.cpp:1304
Event: 4.225 Thread 0x00002b1ef0009000 Threw 0x00000000ed1e20d0 at /HUDSON/workspace/7u-2-build-linux-amd64/jdk7u79/2331/hotspot/src/share/vm/prims/jvm.cpp:1304
Event: 4.345 Thread 0x00002b1ef0009000 Threw 0x00000000ed2fefe8 at /HUDSON/workspace/7u-2-build-linux-amd64/jdk7u79/2331/hotspot/src/share/vm/prims/jvm.cpp:1304
Event: 4.346 Thread 0x00002b1ef0009000 Threw 0x00000000ed302df0 at /HUDSON/workspace/7u-2-build-linux-amd64/jdk7u79/2331/hotspot/src/share/vm/prims/jvm.cpp:1304
Event: 4.375 Thread 0x00002b1ef0009000 Threw 0x00000000ed3980d8 at /HUDSON/workspace/7u-2-build-linux-amd64/jdk7u79/2331/hotspot/src/share/vm/prims/jvm.cpp:1304
Event: 25.342 Thread 0x00002b1ef0009000 Threw 0x00000000f1cc7cf0 at /HUDSON/workspace/7u-2-build-linux-amd64/jdk7u79/2331/hotspot/src/share/vm/prims/jvm.cpp:1304

Events (10 events):
Event: 38.853 loading class 0x00002b1efa67d390
Event: 38.853 loading class 0x00002b1efa67d600
Event: 38.853 loading class 0x00002b1efa67d600 done
Event: 38.853 loading class 0x00002b1efa67d390 done
Event: 38.853 loading class 0x00002b1f54032ad0
Event: 38.853 loading class 0x00002b1f54032ad0 done
Event: 38.853 Thread 0x00002b1ef0009000 Uncommon trap: trap_request=0xffffffad fr.pc=0x00002b1ef41747c8
Event: 38.853 Thread 0x00002b1ef0009000 DEOPT PACKING pc=0x00002b1ef41747c8 sp=0x00002b1eef1690c0
Event: 38.853 Thread 0x00002b1ef0009000 DEOPT UNPACKING pc=0x00002b1ef4039445 sp=0x00002b1eef169080 mode 2
Event: 38.855 Thread 0x00002b1ef0009000 Thread exited: 0x00002b1ef0009000


Dynamic libraries:
00400000-00401000 r-xp 00000000 08:01 7195233                            /usr/java/jdk1.7.0_79/bin/java
00600000-00601000 rw-p 00000000 08:01 7195233                            /usr/java/jdk1.7.0_79/bin/java
00c73000-00c94000 rw-p 00000000 00:00 0                                  [heap]
bae00000-fff00000 rw-p 00000000 00:00 0 
fff00000-100000000 ---p 00000000 00:00 0 
38c1e00000-38c1e20000 r-xp 00000000 08:01 1138912                        /lib64/ld-2.12.so
38c201f000-38c2020000 r--p 0001f000 08:01 1138912                        /lib64/ld-2.12.so
38c2020000-38c2021000 rw-p 00020000 08:01 1138912                        /lib64/ld-2.12.so
38c2021000-38c2022000 rw-p 00000000 00:00 0 
38c2200000-38c238a000 r-xp 00000000 08:01 1138924                        /lib64/libc-2.12.so
38c238a000-38c258a000 ---p 0018a000 08:01 1138924                        /lib64/libc-2.12.so
38c258a000-38c258e000 r--p 0018a000 08:01 1138924                        /lib64/libc-2.12.so
38c258e000-38c258f000 rw-p 0018e000 08:01 1138924                        /lib64/libc-2.12.so
38c258f000-38c2594000 rw-p 00000000 00:00 0 
38c2600000-38c2683000 r-xp 00000000 08:01 1138984                        /lib64/libm-2.12.so
38c2683000-38c2882000 ---p 00083000 08:01 1138984                        /lib64/libm-2.12.so
38c2882000-38c2883000 r--p 00082000 08:01 1138984                        /lib64/libm-2.12.so
38c2883000-38c2884000 rw-p 00083000 08:01 1138984                        /lib64/libm-2.12.so
38c2a00000-38c2a17000 r-xp 00000000 08:01 1138932                        /lib64/libpthread-2.12.so
38c2a17000-38c2c17000 ---p 00017000 08:01 1138932                        /lib64/libpthread-2.12.so
38c2c17000-38c2c18000 r--p 00017000 08:01 1138932                        /lib64/libpthread-2.12.so
38c2c18000-38c2c19000 rw-p 00018000 08:01 1138932                        /lib64/libpthread-2.12.so
38c2c19000-38c2c1d000 rw-p 00000000 00:00 0 
38c2e00000-38c2e02000 r-xp 00000000 08:01 1138950                        /lib64/libdl-2.12.so
38c2e02000-38c3002000 ---p 00002000 08:01 1138950                        /lib64/libdl-2.12.so
38c3002000-38c3003000 r--p 00002000 08:01 1138950                        /lib64/libdl-2.12.so
38c3003000-38c3004000 rw-p 00003000 08:01 1138950                        /lib64/libdl-2.12.so
38c3200000-38c3207000 r-xp 00000000 08:01 1138941                        /lib64/librt-2.12.so
38c3207000-38c3406000 ---p 00007000 08:01 1138941                        /lib64/librt-2.12.so
38c3406000-38c3407000 r--p 00006000 08:01 1138941                        /lib64/librt-2.12.so
38c3407000-38c3408000 rw-p 00007000 08:01 1138941                        /lib64/librt-2.12.so
38c4200000-38c4215000 r-xp 00000000 08:01 7111683                        /usr/lib64/libgomp.so.1.0.0
38c4215000-38c4414000 ---p 00015000 08:01 7111683                        /usr/lib64/libgomp.so.1.0.0
38c4414000-38c4415000 rw-p 00014000 08:01 7111683                        /usr/lib64/libgomp.so.1.0.0
38c5e00000-38c5e16000 r-xp 00000000 08:01 1138986                        /lib64/libgcc_s-4.4.7-20120601.so.1
38c5e16000-38c6015000 ---p 00016000 08:01 1138986                        /lib64/libgcc_s-4.4.7-20120601.so.1
38c6015000-38c6016000 rw-p 00015000 08:01 1138986                        /lib64/libgcc_s-4.4.7-20120601.so.1
38c6a00000-38c6ae8000 r-xp 00000000 08:01 7116212                        /usr/lib64/libstdc++.so.6.0.13
38c6ae8000-38c6ce8000 ---p 000e8000 08:01 7116212                        /usr/lib64/libstdc++.so.6.0.13
38c6ce8000-38c6cef000 r--p 000e8000 08:01 7116212                        /usr/lib64/libstdc++.so.6.0.13
38c6cef000-38c6cf1000 rw-p 000ef000 08:01 7116212                        /usr/lib64/libstdc++.so.6.0.13
38c6cf1000-38c6d06000 rw-p 00000000 00:00 0 
2b1eedfbf000-2b1eedfc0000 rw-p 00000000 00:00 0 
2b1eedfd6000-2b1eedfd7000 rw-p 00000000 00:00 0 
2b1eedfd7000-2b1eedfed000 r-xp 00000000 08:01 7350012                    /usr/java/jdk1.7.0_79/lib/amd64/jli/libjli.so
2b1eedfed000-2b1eee1ed000 ---p 00016000 08:01 7350012                    /usr/java/jdk1.7.0_79/lib/amd64/jli/libjli.so
2b1eee1ed000-2b1eee1ee000 rw-p 00016000 08:01 7350012                    /usr/java/jdk1.7.0_79/lib/amd64/jli/libjli.so
2b1eee1ee000-2b1eee1f0000 rw-p 00000000 00:00 0 
2b1eee1f0000-2b1eeed65000 r-xp 00000000 08:01 7195412                    /usr/java/jdk1.7.0_79/jre/lib/amd64/server/libjvm.so
2b1eeed65000-2b1eeef65000 ---p 00b75000 08:01 7195412                    /usr/java/jdk1.7.0_79/jre/lib/amd64/server/libjvm.so
2b1eeef65000-2b1eef029000 rw-p 00b75000 08:01 7195412                    /usr/java/jdk1.7.0_79/jre/lib/amd64/server/libjvm.so
2b1eef029000-2b1eef06a000 rw-p 00000000 00:00 0 
2b1eef06d000-2b1eef16b000 rw-p 00000000 00:00 0 
2b1eef16b000-2b1eef178000 r-xp 00000000 08:01 7195407                    /usr/java/jdk1.7.0_79/jre/lib/amd64/libverify.so
2b1eef178000-2b1eef377000 ---p 0000d000 08:01 7195407                    /usr/java/jdk1.7.0_79/jre/lib/amd64/libverify.so
2b1eef377000-2b1eef379000 rw-p 0000c000 08:01 7195407                    /usr/java/jdk1.7.0_79/jre/lib/amd64/libverify.so
2b1eef379000-2b1eef3a2000 r-xp 00000000 08:01 7195378                    /usr/java/jdk1.7.0_79/jre/lib/amd64/libjava.so
2b1eef3a2000-2b1eef5a2000 ---p 00029000 08:01 7195378                    /usr/java/jdk1.7.0_79/jre/lib/amd64/libjava.so
2b1eef5a2000-2b1eef5a4000 rw-p 00029000 08:01 7195378                    /usr/java/jdk1.7.0_79/jre/lib/amd64/libjava.so
2b1eef5a4000-2b1eef5a5000 r--p 00000000 00:00 0 
2b1eef5a5000-2b1eef5a6000 rw-p 00000000 00:00 0 
2b1eef5a6000-2b1eef5ae000 rw-s 00000000 08:05 4751365                    /tmp/hsperfdata_cagdas/42593
2b1eef5bc000-2b1eef5c8000 r-xp 00000000 08:01 1138774                    /lib64/libnss_files-2.12.so
2b1eef5c8000-2b1eef7c8000 ---p 0000c000 08:01 1138774                    /lib64/libnss_files-2.12.so
2b1eef7c8000-2b1eef7c9000 r--p 0000c000 08:01 1138774                    /lib64/libnss_files-2.12.so
2b1eef7c9000-2b1eef7ca000 rw-p 0000d000 08:01 1138774                    /lib64/libnss_files-2.12.so
2b1eef7ca000-2b1eef7e4000 r-xp 00000000 08:01 7195408                    /usr/java/jdk1.7.0_79/jre/lib/amd64/libzip.so
2b1eef7e4000-2b1eef9e4000 ---p 0001a000 08:01 7195408                    /usr/java/jdk1.7.0_79/jre/lib/amd64/libzip.so
2b1eef9e4000-2b1eef9e5000 rw-p 0001a000 08:01 7195408                    /usr/java/jdk1.7.0_79/jre/lib/amd64/libzip.so
2b1ef0000000-2b1ef4000000 rw-p 00000000 00:00 0 
2b1ef4000000-2b1ef4270000 rwxp 00000000 00:00 0 
2b1ef4270000-2b1ef7469000 rw-p 00000000 00:00 0 
2b1ef7469000-2b1ef746a000 ---p 00000000 00:00 0 
2b1ef746a000-2b1ef756a000 rw-p 00000000 00:00 0 
2b1ef756a000-2b1ef756b000 ---p 00000000 00:00 0 
2b1ef756b000-2b1ef766b000 rw-p 00000000 00:00 0 
2b1ef766b000-2b1ef766c000 ---p 00000000 00:00 0 
2b1ef766c000-2b1ef776c000 rw-p 00000000 00:00 0 
2b1ef776c000-2b1ef776d000 ---p 00000000 00:00 0 
2b1ef776d000-2b1ef786d000 rw-p 00000000 00:00 0 
2b1ef786d000-2b1ef786e000 ---p 00000000 00:00 0 
2b1ef786e000-2b1ef796e000 rw-p 00000000 00:00 0 
2b1ef796e000-2b1ef796f000 ---p 00000000 00:00 0 
2b1ef796f000-2b1ef7a6f000 rw-p 00000000 00:00 0 
2b1ef7a6f000-2b1ef7a70000 ---p 00000000 00:00 0 
2b1ef7a70000-2b1ef7b70000 rw-p 00000000 00:00 0 
2b1ef7b70000-2b1ef7b71000 ---p 00000000 00:00 0 
2b1ef7b71000-2b1ef7c71000 rw-p 00000000 00:00 0 
2b1ef7c71000-2b1ef7c72000 ---p 00000000 00:00 0 
2b1ef7c72000-2b1ef7d72000 rw-p 00000000 00:00 0 
2b1ef7d72000-2b1ef7d73000 ---p 00000000 00:00 0 
2b1ef7d73000-2b1ef7e73000 rw-p 00000000 00:00 0 
2b1ef7e73000-2b1ef7e74000 ---p 00000000 00:00 0 
2b1ef7e74000-2b1ef7f74000 rw-p 00000000 00:00 0 
2b1ef7f74000-2b1ef7f75000 ---p 00000000 00:00 0 
2b1ef7f75000-2b1ef8075000 rw-p 00000000 00:00 0 
2b1ef8075000-2b1ef8076000 ---p 00000000 00:00 0 
2b1ef8076000-2b1efa73e000 rw-p 00000000 00:00 0 
2b1efa73e000-2b1efa8fe000 r--s 039f7000 08:01 7195847                    /usr/java/jdk1.7.0_79/jre/lib/rt.jar
2b1efa8fe000-2b1efa949000 rw-p 00000000 00:00 0 
2b1efc000000-2b1efc021000 rw-p 00000000 00:00 0 
2b1efc021000-2b1f00000000 ---p 00000000 00:00 0 
2b1f00000000-2b1f00021000 rw-p 00000000 00:00 0 
2b1f00021000-2b1f04000000 ---p 00000000 00:00 0 
2b1f04000000-2b1f04021000 rw-p 00000000 00:00 0 
2b1f04021000-2b1f08000000 ---p 00000000 00:00 0 
2b1f08000000-2b1f08021000 rw-p 00000000 00:00 0 
2b1f08021000-2b1f0c000000 ---p 00000000 00:00 0 
2b1f0c000000-2b1f0c021000 rw-p 00000000 00:00 0 
2b1f0c021000-2b1f10000000 ---p 00000000 00:00 0 
2b1f10000000-2b1f10021000 rw-p 00000000 00:00 0 
2b1f10021000-2b1f14000000 ---p 00000000 00:00 0 
2b1f14000000-2b1f14021000 rw-p 00000000 00:00 0 
2b1f14021000-2b1f18000000 ---p 00000000 00:00 0 
2b1f18000000-2b1f18021000 rw-p 00000000 00:00 0 
2b1f18021000-2b1f1c000000 ---p 00000000 00:00 0 
2b1f1c000000-2b1f1c021000 rw-p 00000000 00:00 0 
2b1f1c021000-2b1f20000000 ---p 00000000 00:00 0 
2b1f20000000-2b1f20021000 rw-p 00000000 00:00 0 
2b1f20021000-2b1f24000000 ---p 00000000 00:00 0 
2b1f24000000-2b1f24021000 rw-p 00000000 00:00 0 
2b1f24021000-2b1f28000000 ---p 00000000 00:00 0 
2b1f28000000-2b1f28021000 rw-p 00000000 00:00 0 
2b1f28021000-2b1f2c000000 ---p 00000000 00:00 0 
2b1f2c000000-2b1f2ebf8000 rw-p 00000000 00:00 0 
2b1f2ebf8000-2b1f2ebf9000 ---p 00000000 00:00 0 
2b1f2ebf9000-2b1f2ecf9000 rw-p 00000000 00:00 0 
2b1f30000000-2b1f30021000 rw-p 00000000 00:00 0 
2b1f30021000-2b1f34000000 ---p 00000000 00:00 0 
2b1f34000000-2b1f34021000 rw-p 00000000 00:00 0 
2b1f34021000-2b1f38000000 ---p 00000000 00:00 0 
2b1f38000000-2b1f38003000 ---p 00000000 00:00 0 
2b1f38003000-2b1f38101000 rw-p 00000000 00:00 0 
2b1f38101000-2b1f38104000 ---p 00000000 00:00 0 
2b1f38104000-2b1f38202000 rw-p 00000000 00:00 0 
2b1f38202000-2b1f38205000 ---p 00000000 00:00 0 
2b1f38205000-2b1f38303000 rw-p 00000000 00:00 0 
2b1f38303000-2b1f38306000 ---p 00000000 00:00 0 
2b1f38306000-2b1f38404000 rw-p 00000000 00:00 0 
2b1f38404000-2b1f38407000 ---p 00000000 00:00 0 
2b1f38407000-2b1f38505000 rw-p 00000000 00:00 0 
2b1f38505000-2b1f38508000 ---p 00000000 00:00 0 
2b1f38508000-2b1f38606000 rw-p 00000000 00:00 0 
2b1f38606000-2b1f38607000 ---p 00000000 00:00 0 
2b1f38607000-2b1f38707000 rw-p 00000000 00:00 0 
2b1f3c000000-2b1f3c021000 rw-p 00000000 00:00 0 
2b1f3c021000-2b1f40000000 ---p 00000000 00:00 0 
2b1f40000000-2b1f45e91000 r--p 00000000 08:01 7116562                    /usr/lib/locale/locale-archive
2b1f48000000-2b1f48022000 rw-p 00000000 00:00 0 
2b1f48022000-2b1f4c000000 ---p 00000000 00:00 0 
2b1f4c000000-2b1f4c021000 rw-p 00000000 00:00 0 
2b1f4c021000-2b1f50000000 ---p 00000000 00:00 0 
2b1f50000000-2b1f50b08000 rw-p 00000000 00:00 0 
2b1f50b08000-2b1f54000000 ---p 00000000 00:00 0 
2b1f54000000-2b1f54dc0000 rw-p 00000000 00:00 0 
2b1f54dc0000-2b1f58000000 ---p 00000000 00:00 0 
2b1f58000000-2b1f58021000 rw-p 00000000 00:00 0 
2b1f58021000-2b1f5c000000 ---p 00000000 00:00 0 
2b1f5c000000-2b1f5c021000 rw-p 00000000 00:00 0 
2b1f5c021000-2b1f60000000 ---p 00000000 00:00 0 
2b1f60000000-2b1f60001000 r--s 00000000 fcf:11200 184641189532670351     /home1/03707/cagdas/workspace/distributedjava/jpf-core/build/jpf-annotations.jar
2b1f60001000-2b1f60004000 r--s 0001a000 fcf:11200 184641189532670352     /home1/03707/cagdas/workspace/distributedjava/jpf-core/build/jpf-classes.jar
2b1f60004000-2b1f60005000 r--s 0000c000 fcf:11200 184641189532670446     /home1/03707/cagdas/workspace/distributedjava/jpf-core/build/RunTest.jar
2b1f60005000-2b1f60006000 r--s 0000b000 fcf:11200 184641189532670447     /home1/03707/cagdas/workspace/distributedjava/jpf-core/build/RunJPF.jar
2b1f60006000-2b1f6001d000 r--s 00173000 fcf:11200 184641189532670448     /home1/03707/cagdas/workspace/distributedjava/jpf-core/build/jpf.jar
2b1f6001d000-2b1f6001e000 r--s 00000000 fcf:11200 184641189532670460     /home1/03707/cagdas/workspace/distributedjava/jpf-core/build/classloader_specific_tests.jar
2b1f6001e000-2b1f6001f000 r--s 00000000 fcf:11200 184641189532667712     /home1/03707/cagdas/workspace/distributedjava/jpf-symbc/build/jpf-symbc-annotations.jar
2b1f6001f000-2b1f60029000 r--s 000ab000 fcf:11200 184641189532667713     /home1/03707/cagdas/workspace/distributedjava/jpf-symbc/build/jpf-symbc.jar
2b1f60029000-2b1f6002b000 r--s 00000000 fcf:11200 184641189532668297     /home1/03707/cagdas/workspace/distributedjava/jpf-symbc/build/jpf-symbc-classes.jar
2b1f6002b000-2b1f60069000 r--s 002e5000 fcf:11200 184641189532668744     /home1/03707/cagdas/workspace/distributedjava/jpf-symbc/lib/choco-solver-2.1.1-20100709.142532-2.jar
2b1f60069000-2b1f6006f000 r--s 00039000 fcf:11200 184641189532668760     /home1/03707/cagdas/workspace/distributedjava/jpf-symbc/lib/CVC4.jar
2b1f6006f000-2b1f60071000 r--s 0002c000 fcf:11200 184641189532668765     /home1/03707/cagdas/workspace/distributedjava/jpf-symbc/lib/grappa.jar
2b1f60071000-2b1f60079000 r--s 00054000 fcf:11200 184641189532668768     /home1/03707/cagdas/workspace/distributedjava/jpf-symbc/lib/string.jar
2b1f60079000-2b1f6007f000 r--s 00096000 fcf:11200 184641189532668769     /home1/03707/cagdas/workspace/distributedjava/jpf-symbc/lib/iasolver.jar
2b1f6007f000-2b1f60082000 r--s 00023000 fcf:11200 184641189532668771     /home1/03707/cagdas/workspace/distributedjava/jpf-symbc/lib/solver.jar
2b1f60082000-2b1f60086000 r--s 00026000 fcf:11200 184641189532668772     /home1/03707/cagdas/workspace/distributedjava/jpf-symbc/lib/automaton.jar
2b1f60086000-2b1f60089000 r--s 0001e000 fcf:11200 184641189532668776     /home1/03707/cagdas/workspace/distributedjava/jpf-symbc/lib/com.microsoft.z3.jar
2b1f60089000-2b1f6008b000 r--s 00040000 fcf:11200 184641189532668777     /home1/03707/cagdas/workspace/distributedjava/jpf-symbc/lib/scale.jar
2b1f6008b000-2b1f60093000 r--s 0004b000 fcf:11200 184641189532668778     /home1/03707/cagdas/workspace/distributedjava/jpf-symbc/lib/commons-math-1.2.jar
2b1f60093000-2b1f60099000 r--s 00031000 fcf:11200 184641189532668780     /home1/03707/cagdas/workspace/distributedjava/jpf-symbc/lib/jaxen.jar
2b1f60099000-2b1f6009b000 r--s 0000f000 fcf:11200 184641189532668781     /home1/03707/cagdas/workspace/distributedjava/jpf-symbc/lib/JSAP-2.1.jar
2b1f6009b000-2b1f6009f000 r--s 00023000 fcf:11200 184641189532668783     /home1/03707/cagdas/workspace/distributedjava/jpf-symbc/lib/org.sat4j.core.jar
2b1f6009f000-2b1f600a1000 r--s 0001d000 fcf:11200 184641189532668785     /home1/03707/cagdas/workspace/distributedjava/jpf-symbc/lib/jedis-2.0.0.jar
2b1f600a1000-2b1f600a4000 r--s 0001b000 fcf:11200 184641189532668786     /home1/03707/cagdas/workspace/distributedjava/jpf-symbc/lib/Statemachines.jar
2b1f600a4000-2b1f600ca000 r--s 001ad000 fcf:11200 184641189532668793     /home1/03707/cagdas/workspace/distributedjava/jpf-symbc/lib/opt4j-2.4.jar
2b1f600ca000-2b1f600d5000 r--s 000e6000 fcf:11200 184641189532668794     /home1/03707/cagdas/workspace/distributedjava/jpf-symbc/lib/aima-core.jar
2b1f600d5000-2b1f600da000 r--s 00034000 fcf:11200 184641189532668795     /home1/03707/cagdas/workspace/distributedjava/jpf-symbc/lib/green.jar
2b1f600da000-2b1f600dc000 r--s 00004000 fcf:11200 184641189532668797     /home1/03707/cagdas/workspace/distributedjava/jpf-symbc/lib/yicesapijava.jar
2b1f600dc000-2b1f600de000 r--s 00013000 fcf:11200 184641189532668798     /home1/03707/cagdas/workspace/distributedjava/jpf-symbc/lib/org.sat4j.pb.jar
2b1f600de000-2b1f600df000 r--s 00010000 fcf:11200 184641189532668801     /home1/03707/cagdas/workspace/distributedjava/jpf-symbc/lib/libcvc3.jar
2b1f600df000-2b1f600ea000 r--s 0006c000 fcf:11200 184641189532668804     /home1/03707/cagdas/workspace/distributedjava/jpf-symbc/lib/choco-1_2_04.jar
2b1f600ea000-2b1f600f0000 r--s 0004b000 fcf:11200 184641189532668805     /home1/03707/cagdas/workspace/distributedjava/jpf-symbc/lib/coral.jar
2b1f600f0000-2b1f6011d000 r--s 008db000 fcf:11200 184641189532668806     /home1/03707/cagdas/workspace/distributedjava/jpf-symbc/lib/hampi.jar
2b1f6011d000-2b1f60121000 r--s 0003c000 fcf:11200 184641189532668809     /home1/03707/cagdas/workspace/distributedjava/jpf-symbc/lib/commons-lang-2.4.jar
2b1f60121000-2b1f6012c000 r--s 00072000 fcf:11200 184641189532668817     /home1/03707/cagdas/workspace/distributedjava/jpf-symbc/lib/bcel.jar
2b1f6012c000-2b1f6012e000 r--s 00005000 fcf:11200 184641189532668819     /home1/03707/cagdas/workspace/distributedjava/jpf-symbc/lib/STPJNI.jar
2b1f6012e000-2b1f60137000 r--s 0006f000 fcf:11200 184641189532667446     /home1/03707/cagdas/workspace/distributedjava/jpf-symbc-distributed/lib/log4j-1.2.17.jar
2b1f60137000-2b1f60139000 r--s 0000f000 fcf:11200 184641189532667447     /home1/03707/cagdas/workspace/distributedjava/jpf-symbc-distributed/lib/JSAP-2.1.jar
2b1f60139000-2b1f6013a000 r--s 0000c000 fcf:11200 184641189532667448     /home1/03707/cagdas/workspace/distributedjava/jpf-symbc-distributed/lib/commons-cli-1.3.1.jar
2b1f6013a000-2b1f60146000 r--s 000af000 08:01 7195652                    /usr/java/jdk1.7.0_79/jre/lib/resources.jar
2b1f60146000-2b1f6014a000 r--s 0008b000 08:01 7195653                    /usr/java/jdk1.7.0_79/jre/lib/jsse.jar
2b1f6014a000-2b1f6014c000 r--s 00019000 08:01 7195582                    /usr/java/jdk1.7.0_79/jre/lib/jce.jar
2b1f6014c000-2b1f60157000 r--s 0037c000 08:01 7195589                    /usr/java/jdk1.7.0_79/jre/lib/charsets.jar
2b1f60157000-2b1f6015c000 r--s 0003a000 08:01 7195585                    /usr/java/jdk1.7.0_79/jre/lib/jfr.jar
2b1f6015c000-2b1f6016c000 r-xp 00000000 08:01 7195397                    /usr/java/jdk1.7.0_79/jre/lib/amd64/libnio.so
2b1f6016c000-2b1f6036c000 ---p 00010000 08:01 7195397                    /usr/java/jdk1.7.0_79/jre/lib/amd64/libnio.so
2b1f6036c000-2b1f6036d000 rw-p 00010000 08:01 7195397                    /usr/java/jdk1.7.0_79/jre/lib/amd64/libnio.so
2b1f6036d000-2b1f60383000 r-xp 00000000 08:01 7195396                    /usr/java/jdk1.7.0_79/jre/lib/amd64/libnet.so
2b1f60383000-2b1f60583000 ---p 00016000 08:01 7195396                    /usr/java/jdk1.7.0_79/jre/lib/amd64/libnet.so
2b1f60583000-2b1f60584000 rw-p 00016000 08:01 7195396                    /usr/java/jdk1.7.0_79/jre/lib/amd64/libnet.so
2b1f60584000-2b1f60645000 rw-p 00000000 00:00 0 
2b1f60645000-2b1f6064b000 r--s 0005a000 fcf:11200 184641189532667449     /home1/03707/cagdas/workspace/distributedjava/jpf-symbc-distributed/lib/foundry-1.0.jar
2b1f6064b000-2b1f6066c000 r-xp 00000000 fcf:11200 184641189532668758     /home1/03707/cagdas/workspace/distributedjava/jpf-symbc/lib/libz3java.so
2b1f6066c000-2b1f6086b000 ---p 00021000 fcf:11200 184641189532668758     /home1/03707/cagdas/workspace/distributedjava/jpf-symbc/lib/libz3java.so
2b1f6086b000-2b1f6086d000 rw-p 00020000 fcf:11200 184641189532668758     /home1/03707/cagdas/workspace/distributedjava/jpf-symbc/lib/libz3java.so
2b1f6086d000-2b1f615c1000 r-xp 00000000 fcf:11200 184641189532668811     /home1/03707/cagdas/workspace/distributedjava/jpf-symbc/lib/libz3.so
2b1f615c1000-2b1f617c0000 ---p 00d54000 fcf:11200 184641189532668811     /home1/03707/cagdas/workspace/distributedjava/jpf-symbc/lib/libz3.so
2b1f617c0000-2b1f617fc000 rw-p 00d53000 fcf:11200 184641189532668811     /home1/03707/cagdas/workspace/distributedjava/jpf-symbc/lib/libz3.so
2b1f617fc000-2b1f617fd000 rw-p 00000000 00:00 0 
2b1f64000000-2b1f67ffa000 rw-p 00000000 00:00 0 
2b1f67ffa000-2b1f68000000 ---p 00000000 00:00 0 
2b1f68000000-2b1f6fffd000 rw-p 00000000 00:00 0 
2b1f6fffd000-2b1f70000000 ---p 00000000 00:00 0 
2b1f70000000-2b1f73fff000 rw-p 00000000 00:00 0 
2b1f73fff000-2b1f74000000 ---p 00000000 00:00 0 
2b1f74000000-2b1f77fee000 rw-p 00000000 00:00 0 
2b1f77fee000-2b1f78000000 ---p 00000000 00:00 0 
2b1f78000000-2b1f7bfed000 rw-p 00000000 00:00 0 
2b1f7bfed000-2b1f7c000000 ---p 00000000 00:00 0 
2b1f7c000000-2b1f83dec000 rw-p 00000000 00:00 0 
2b1f83dec000-2b1f84000000 ---p 00000000 00:00 0 
2b1f842fa000-2b1f842fb000 rw-p 00000000 00:00 0 
7fff508ae000-7fff508c8000 rw-p 00000000 00:00 0                          [stack]
7fff509ff000-7fff50a00000 r-xp 00000000 00:00 0                          [vdso]
ffffffffff600000-ffffffffff601000 r-xp 00000000 00:00 0                  [vsyscall]

VM Arguments:
jvm_args: -Xms512m -Xmx1g 
java_command: edu.utexas.exec.ParallelSPF -N -c benchmarks.MergeSortJDK15 -m benchmarks.MergeSortJDK15.action3(sym#sym#sym#sym#sym#sym#sym) -d 25 -D 1000000 -C /home1/03707/cagdas/workspace/temp_certf/atemp.cert -a action3 -r 0
Launcher Type: SUN_STANDARD

Environment Variables:
PATH=/opt/apps/xalt/0.6/bin:/opt/apps/intel15/mvapich2/2.1/bin:/opt/apps/intel/15/composer_xe_2015.2.164/bin/intel64:/usr/lib64/qt-3.3/bin:/usr/local/bin:/bin:/usr/bin:/usr/X11R6/bin:/opt/ofed/bin:/opt/ofed/sbin:.
LD_LIBRARY_PATH=/home1/03707/cagdas/workspace/distributedjava/jpf-symbc/lib
SHELL=/bin/bash

Signal Handlers:
SIGSEGV: [libjvm.so+0x9a3bf0], sa_mask[0]=0x7ffbfeff, sa_flags=0x10000004
SIGBUS: [libjvm.so+0x9a3bf0], sa_mask[0]=0x7ffbfeff, sa_flags=0x10000004
SIGFPE: [libjvm.so+0x81cb60], sa_mask[0]=0x7ffbfeff, sa_flags=0x10000004
SIGPIPE: [libjvm.so+0x81cb60], sa_mask[0]=0x7ffbfeff, sa_flags=0x10000004
SIGXFSZ: [libjvm.so+0x81cb60], sa_mask[0]=0x7ffbfeff, sa_flags=0x10000004
SIGILL: [libjvm.so+0x81cb60], sa_mask[0]=0x7ffbfeff, sa_flags=0x10000004
SIGUSR1: SIG_DFL, sa_mask[0]=0x00000000, sa_flags=0x00000000
SIGUSR2: [libjvm.so+0x81e360], sa_mask[0]=0x00084803, sa_flags=0x10000004
SIGHUP: [libjvm.so+0x81f480], sa_mask[0]=0x7ffbfeff, sa_flags=0x10000004
SIGINT: [libjvm.so+0x81f480], sa_mask[0]=0x7ffbfeff, sa_flags=0x10000004
SIGTERM: [libjvm.so+0x81f480], sa_mask[0]=0x7ffbfeff, sa_flags=0x10000004
SIGQUIT: [libjvm.so+0x81f480], sa_mask[0]=0x7ffbfeff, sa_flags=0x10000004


---------------  S Y S T E M  ---------------

OS:CentOS release 6.7 (Final)

uname:Linux 2.6.32-431.17.1.el6.x86_64 #1 SMP Wed May 7 23:32:49 UTC 2014 x86_64
libc:glibc 2.12 NPTL 2.12 
rlimit: STACK infinity, CORE 0k, NPROC 8192, NOFILE 16384, AS infinity
load average:9.81 4.22 3.72

/proc/meminfo:
MemTotal:       32815324 kB
MemFree:        15129976 kB
Buffers:            5288 kB
Cached:           255204 kB
SwapCached:            0 kB
Active:         13641940 kB
Inactive:         212844 kB
Active(anon):   13594284 kB
Inactive(anon):   160516 kB
Active(file):      47656 kB
Inactive(file):    52328 kB
Unevictable:           0 kB
Mlocked:               0 kB
SwapTotal:             0 kB
SwapFree:              0 kB
Dirty:               348 kB
Writeback:             0 kB
AnonPages:      13595196 kB
Mapped:            40280 kB
Shmem:            160516 kB
Slab:             517244 kB
SReclaimable:      18000 kB
SUnreclaim:       499244 kB
KernelStack:        8080 kB
PageTables:        42220 kB
NFS_Unstable:          0 kB
Bounce:                0 kB
WritebackTmp:          0 kB
CommitLimit:    31830864 kB
Committed_AS:   28288356 kB
VmallocTotal:   34359738367 kB
VmallocUsed:     9581912 kB
VmallocChunk:   34331958636 kB
HardwareCorrupted:     0 kB
AnonHugePages:         0 kB
HugePages_Total:       0
HugePages_Free:        0
HugePages_Rsvd:        0
HugePages_Surp:        0
Hugepagesize:       2048 kB
DirectMap4k:        4096 kB
DirectMap2M:     2076672 kB
DirectMap1G:    31457280 kB


CPU:total 16 (8 cores per cpu, 2 threads per core) family 6 model 45 stepping 7, cmov, cx8, fxsr, mmx, sse, sse2, sse3, ssse3, sse4.1, sse4.2, popcnt, avx, aes, ht, tsc, tscinvbit, tscinv

/proc/cpuinfo:
processor	: 0
vendor_id	: GenuineIntel
cpu family	: 6
model		: 45
model name	: Intel(R) Xeon(R) CPU E5-2680 0 @ 2.70GHz
stepping	: 7
cpu MHz		: 2701.000
cache size	: 20480 KB
physical id	: 0
siblings	: 8
core id		: 0
cpu cores	: 8
apicid		: 0
initial apicid	: 0
fpu		: yes
fpu_exception	: yes
cpuid level	: 13
wp		: yes
flags		: fpu vme de pse tsc msr pae mce cx8 apic sep mtrr pge mca cmov pat pse36 clflush dts acpi mmx fxsr sse sse2 ss ht tm pbe syscall nx pdpe1gb rdtscp lm constant_tsc arch_perfmon pebs bts rep_good xtopology nonstop_tsc aperfmperf pni pclmulqdq dtes64 monitor ds_cpl vmx smx est tm2 ssse3 cx16 xtpr pdcm pcid dca sse4_1 sse4_2 x2apic popcnt tsc_deadline_timer aes xsave avx lahf_lm ida arat xsaveopt pln pts dts tpr_shadow vnmi flexpriority ept vpid
bogomips	: 5399.97
clflush size	: 64
cache_alignment	: 64
address sizes	: 46 bits physical, 48 bits virtual
power management:

processor	: 1
vendor_id	: GenuineIntel
cpu family	: 6
model		: 45
model name	: Intel(R) Xeon(R) CPU E5-2680 0 @ 2.70GHz
stepping	: 7
cpu MHz		: 2701.000
cache size	: 20480 KB
physical id	: 0
siblings	: 8
core id		: 1
cpu cores	: 8
apicid		: 2
initial apicid	: 2
fpu		: yes
fpu_exception	: yes
cpuid level	: 13
wp		: yes
flags		: fpu vme de pse tsc msr pae mce cx8 apic sep mtrr pge mca cmov pat pse36 clflush dts acpi mmx fxsr sse sse2 ss ht tm pbe syscall nx pdpe1gb rdtscp lm constant_tsc arch_perfmon pebs bts rep_good xtopology nonstop_tsc aperfmperf pni pclmulqdq dtes64 monitor ds_cpl vmx smx est tm2 ssse3 cx16 xtpr pdcm pcid dca sse4_1 sse4_2 x2apic popcnt tsc_deadline_timer aes xsave avx lahf_lm ida arat xsaveopt pln pts dts tpr_shadow vnmi flexpriority ept vpid
bogomips	: 5399.97
clflush size	: 64
cache_alignment	: 64
address sizes	: 46 bits physical, 48 bits virtual
power management:

processor	: 2
vendor_id	: GenuineIntel
cpu family	: 6
model		: 45
model name	: Intel(R) Xeon(R) CPU E5-2680 0 @ 2.70GHz
stepping	: 7
cpu MHz		: 2701.000
cache size	: 20480 KB
physical id	: 0
siblings	: 8
core id		: 2
cpu cores	: 8
apicid		: 4
initial apicid	: 4
fpu		: yes
fpu_exception	: yes
cpuid level	: 13
wp		: yes
flags		: fpu vme de pse tsc msr pae mce cx8 apic sep mtrr pge mca cmov pat pse36 clflush dts acpi mmx fxsr sse sse2 ss ht tm pbe syscall nx pdpe1gb rdtscp lm constant_tsc arch_perfmon pebs bts rep_good xtopology nonstop_tsc aperfmperf pni pclmulqdq dtes64 monitor ds_cpl vmx smx est tm2 ssse3 cx16 xtpr pdcm pcid dca sse4_1 sse4_2 x2apic popcnt tsc_deadline_timer aes xsave avx lahf_lm ida arat xsaveopt pln pts dts tpr_shadow vnmi flexpriority ept vpid
bogomips	: 5399.97
clflush size	: 64
cache_alignment	: 64
address sizes	: 46 bits physical, 48 bits virtual
power management:

processor	: 3
vendor_id	: GenuineIntel
cpu family	: 6
model		: 45
model name	: Intel(R) Xeon(R) CPU E5-2680 0 @ 2.70GHz
stepping	: 7
cpu MHz		: 2701.000
cache size	: 20480 KB
physical id	: 0
siblings	: 8
core id		: 3
cpu cores	: 8
apicid		: 6
initial apicid	: 6
fpu		: yes
fpu_exception	: yes
cpuid level	: 13
wp		: yes
flags		: fpu vme de pse tsc msr pae mce cx8 apic sep mtrr pge mca cmov pat pse36 clflush dts acpi mmx fxsr sse sse2 ss ht tm pbe syscall nx pdpe1gb rdtscp lm constant_tsc arch_perfmon pebs bts rep_good xtopology nonstop_tsc aperfmperf pni pclmulqdq dtes64 monitor ds_cpl vmx smx est tm2 ssse3 cx16 xtpr pdcm pcid dca sse4_1 sse4_2 x2apic popcnt tsc_deadline_timer aes xsave avx lahf_lm ida arat xsaveopt pln pts dts tpr_shadow vnmi flexpriority ept vpid
bogomips	: 5399.97
clflush size	: 64
cache_alignment	: 64
address sizes	: 46 bits physical, 48 bits virtual
power management:

processor	: 4
vendor_id	: GenuineIntel
cpu family	: 6
model		: 45
model name	: Intel(R) Xeon(R) CPU E5-2680 0 @ 2.70GHz
stepping	: 7
cpu MHz		: 2701.000
cache size	: 20480 KB
physical id	: 0
siblings	: 8
core id		: 4
cpu cores	: 8
apicid		: 8
initial apicid	: 8
fpu		: yes
fpu_exception	: yes
cpuid level	: 13
wp		: yes
flags		: fpu vme de pse tsc msr pae mce cx8 apic sep mtrr pge mca cmov pat pse36 clflush dts acpi mmx fxsr sse sse2 ss ht tm pbe syscall nx pdpe1gb rdtscp lm constant_tsc arch_perfmon pebs bts rep_good xtopology nonstop_tsc aperfmperf pni pclmulqdq dtes64 monitor ds_cpl vmx smx est tm2 ssse3 cx16 xtpr pdcm pcid dca sse4_1 sse4_2 x2apic popcnt tsc_deadline_timer aes xsave avx lahf_lm ida arat xsaveopt pln pts dts tpr_shadow vnmi flexpriority ept vpid
bogomips	: 5399.97
clflush size	: 64
cache_alignment	: 64
address sizes	: 46 bits physical, 48 bits virtual
power management:

processor	: 5
vendor_id	: GenuineIntel
cpu family	: 6
model		: 45
model name	: Intel(R) Xeon(R) CPU E5-2680 0 @ 2.70GHz
stepping	: 7
cpu MHz		: 2701.000
cache size	: 20480 KB
physical id	: 0
siblings	: 8
core id		: 5
cpu cores	: 8
apicid		: 10
initial apicid	: 10
fpu		: yes
fpu_exception	: yes
cpuid level	: 13
wp		: yes
flags		: fpu vme de pse tsc msr pae mce cx8 apic sep mtrr pge mca cmov pat pse36 clflush dts acpi mmx fxsr sse sse2 ss ht tm pbe syscall nx pdpe1gb rdtscp lm constant_tsc arch_perfmon pebs bts rep_good xtopology nonstop_tsc aperfmperf pni pclmulqdq dtes64 monitor ds_cpl vmx smx est tm2 ssse3 cx16 xtpr pdcm pcid dca sse4_1 sse4_2 x2apic popcnt tsc_deadline_timer aes xsave avx lahf_lm ida arat xsaveopt pln pts dts tpr_shadow vnmi flexpriority ept vpid
bogomips	: 5399.97
clflush size	: 64
cache_alignment	: 64
address sizes	: 46 bits physical, 48 bits virtual
power management:

processor	: 6
vendor_id	: GenuineIntel
cpu family	: 6
model		: 45
model name	: Intel(R) Xeon(R) CPU E5-2680 0 @ 2.70GHz
stepping	: 7
cpu MHz		: 2701.000
cache size	: 20480 KB
physical id	: 0
siblings	: 8
core id		: 6
cpu cores	: 8
apicid		: 12
initial apicid	: 12
fpu		: yes
fpu_exception	: yes
cpuid level	: 13
wp		: yes
flags		: fpu vme de pse tsc msr pae mce cx8 apic sep mtrr pge mca cmov pat pse36 clflush dts acpi mmx fxsr sse sse2 ss ht tm pbe syscall nx pdpe1gb rdtscp lm constant_tsc arch_perfmon pebs bts rep_good xtopology nonstop_tsc aperfmperf pni pclmulqdq dtes64 monitor ds_cpl vmx smx est tm2 ssse3 cx16 xtpr pdcm pcid dca sse4_1 sse4_2 x2apic popcnt tsc_deadline_timer aes xsave avx lahf_lm ida arat xsaveopt pln pts dts tpr_shadow vnmi flexpriority ept vpid
bogomips	: 5399.97
clflush size	: 64
cache_alignment	: 64
address sizes	: 46 bits physical, 48 bits virtual
power management:

processor	: 7
vendor_id	: GenuineIntel
cpu family	: 6
model		: 45
model name	: Intel(R) Xeon(R) CPU E5-2680 0 @ 2.70GHz
stepping	: 7
cpu MHz		: 2701.000
cache size	: 20480 KB
physical id	: 0
siblings	: 8
core id		: 7
cpu cores	: 8
apicid		: 14
initial apicid	: 14
fpu		: yes
fpu_exception	: yes
cpuid level	: 13
wp		: yes
flags		: fpu vme de pse tsc msr pae mce cx8 apic sep mtrr pge mca cmov pat pse36 clflush dts acpi mmx fxsr sse sse2 ss ht tm pbe syscall nx pdpe1gb rdtscp lm constant_tsc arch_perfmon pebs bts rep_good xtopology nonstop_tsc aperfmperf pni pclmulqdq dtes64 monitor ds_cpl vmx smx est tm2 ssse3 cx16 xtpr pdcm pcid dca sse4_1 sse4_2 x2apic popcnt tsc_deadline_timer aes xsave avx lahf_lm ida arat xsaveopt pln pts dts tpr_shadow vnmi flexpriority ept vpid
bogomips	: 5399.97
clflush size	: 64
cache_alignment	: 64
address sizes	: 46 bits physical, 48 bits virtual
power management:

processor	: 8
vendor_id	: GenuineIntel
cpu family	: 6
model		: 45
model name	: Intel(R) Xeon(R) CPU E5-2680 0 @ 2.70GHz
stepping	: 7
cpu MHz		: 2701.000
cache size	: 20480 KB
physical id	: 1
siblings	: 8
core id		: 0
cpu cores	: 8
apicid		: 32
initial apicid	: 32
fpu		: yes
fpu_exception	: yes
cpuid level	: 13
wp		: yes
flags		: fpu vme de pse tsc msr pae mce cx8 apic sep mtrr pge mca cmov pat pse36 clflush dts acpi mmx fxsr sse sse2 ss ht tm pbe syscall nx pdpe1gb rdtscp lm constant_tsc arch_perfmon pebs bts rep_good xtopology nonstop_tsc aperfmperf pni pclmulqdq dtes64 monitor ds_cpl vmx smx est tm2 ssse3 cx16 xtpr pdcm pcid dca sse4_1 sse4_2 x2apic popcnt tsc_deadline_timer aes xsave avx lahf_lm ida arat xsaveopt pln pts dts tpr_shadow vnmi flexpriority ept vpid
bogomips	: 5399.22
clflush size	: 64
cache_alignment	: 64
address sizes	: 46 bits physical, 48 bits virtual
power management:

processor	: 9
vendor_id	: GenuineIntel
cpu family	: 6
model		: 45
model name	: Intel(R) Xeon(R) CPU E5-2680 0 @ 2.70GHz
stepping	: 7
cpu MHz		: 2701.000
cache size	: 20480 KB
physical id	: 1
siblings	: 8
core id		: 1
cpu cores	: 8
apicid		: 34
initial apicid	: 34
fpu		: yes
fpu_exception	: yes
cpuid level	: 13
wp		: yes
flags		: fpu vme de pse tsc msr pae mce cx8 apic sep mtrr pge mca cmov pat pse36 clflush dts acpi mmx fxsr sse sse2 ss ht tm pbe syscall nx pdpe1gb rdtscp lm constant_tsc arch_perfmon pebs bts rep_good xtopology nonstop_tsc aperfmperf pni pclmulqdq dtes64 monitor ds_cpl vmx smx est tm2 ssse3 cx16 xtpr pdcm pcid dca sse4_1 sse4_2 x2apic popcnt tsc_deadline_timer aes xsave avx lahf_lm ida arat xsaveopt pln pts dts tpr_shadow vnmi flexpriority ept vpid
bogomips	: 5399.22
clflush size	: 64
cache_alignment	: 64
address sizes	: 46 bits physical, 48 bits virtual
power management:

processor	: 10
vendor_id	: GenuineIntel
cpu family	: 6
model		: 45
model name	: Intel(R) Xeon(R) CPU E5-2680 0 @ 2.70GHz
stepping	: 7
cpu MHz		: 2701.000
cache size	: 20480 KB
physical id	: 1
siblings	: 8
core id		: 2
cpu cores	: 8
apicid		: 36
initial apicid	: 36
fpu		: yes
fpu_exception	: yes
cpuid level	: 13
wp		: yes
flags		: fpu vme de pse tsc msr pae mce cx8 apic sep mtrr pge mca cmov pat pse36 clflush dts acpi mmx fxsr sse sse2 ss ht tm pbe syscall nx pdpe1gb rdtscp lm constant_tsc arch_perfmon pebs bts rep_good xtopology nonstop_tsc aperfmperf pni pclmulqdq dtes64 monitor ds_cpl vmx smx est tm2 ssse3 cx16 xtpr pdcm pcid dca sse4_1 sse4_2 x2apic popcnt tsc_deadline_timer aes xsave avx lahf_lm ida arat xsaveopt pln pts dts tpr_shadow vnmi flexpriority ept vpid
bogomips	: 5399.22
clflush size	: 64
cache_alignment	: 64
address sizes	: 46 bits physical, 48 bits virtual
power management:

processor	: 11
vendor_id	: GenuineIntel
cpu family	: 6
model		: 45
model name	: Intel(R) Xeon(R) CPU E5-2680 0 @ 2.70GHz
stepping	: 7
cpu MHz		: 2701.000
cache size	: 20480 KB
physical id	: 1
siblings	: 8
core id		: 3
cpu cores	: 8
apicid		: 38
initial apicid	: 38
fpu		: yes
fpu_exception	: yes
cpuid level	: 13
wp		: yes
flags		: fpu vme de pse tsc msr pae mce cx8 apic sep mtrr pge mca cmov pat pse36 clflush dts acpi mmx fxsr sse sse2 ss ht tm pbe syscall nx pdpe1gb rdtscp lm constant_tsc arch_perfmon pebs bts rep_good xtopology nonstop_tsc aperfmperf pni pclmulqdq dtes64 monitor ds_cpl vmx smx est tm2 ssse3 cx16 xtpr pdcm pcid dca sse4_1 sse4_2 x2apic popcnt tsc_deadline_timer aes xsave avx lahf_lm ida arat xsaveopt pln pts dts tpr_shadow vnmi flexpriority ept vpid
bogomips	: 5399.22
clflush size	: 64
cache_alignment	: 64
address sizes	: 46 bits physical, 48 bits virtual
power management:

processor	: 12
vendor_id	: GenuineIntel
cpu family	: 6
model		: 45
model name	: Intel(R) Xeon(R) CPU E5-2680 0 @ 2.70GHz
stepping	: 7
cpu MHz		: 2701.000
cache size	: 20480 KB
physical id	: 1
siblings	: 8
core id		: 4
cpu cores	: 8
apicid		: 40
initial apicid	: 40
fpu		: yes
fpu_exception	: yes
cpuid level	: 13
wp		: yes
flags		: fpu vme de pse tsc msr pae mce cx8 apic sep mtrr pge mca cmov pat pse36 clflush dts acpi mmx fxsr sse sse2 ss ht tm pbe syscall nx pdpe1gb rdtscp lm constant_tsc arch_perfmon pebs bts rep_good xtopology nonstop_tsc aperfmperf pni pclmulqdq dtes64 monitor ds_cpl vmx smx est tm2 ssse3 cx16 xtpr pdcm pcid dca sse4_1 sse4_2 x2apic popcnt tsc_deadline_timer aes xsave avx lahf_lm ida arat xsaveopt pln pts dts tpr_shadow vnmi flexpriority ept vpid
bogomips	: 5399.22
clflush size	: 64
cache_alignment	: 64
address sizes	: 46 bits physical, 48 bits virtual
power management:

processor	: 13
vendor_id	: GenuineIntel
cpu family	: 6
model		: 45
model name	: Intel(R) Xeon(R) CPU E5-2680 0 @ 2.70GHz
stepping	: 7
cpu MHz		: 2701.000
cache size	: 20480 KB
physical id	: 1
siblings	: 8
core id		: 5
cpu cores	: 8
apicid		: 42
initial apicid	: 42
fpu		: yes
fpu_exception	: yes
cpuid level	: 13
wp		: yes
flags		: fpu vme de pse tsc msr pae mce cx8 apic sep mtrr pge mca cmov pat pse36 clflush dts acpi mmx fxsr sse sse2 ss ht tm pbe syscall nx pdpe1gb rdtscp lm constant_tsc arch_perfmon pebs bts rep_good xtopology nonstop_tsc aperfmperf pni pclmulqdq dtes64 monitor ds_cpl vmx smx est tm2 ssse3 cx16 xtpr pdcm pcid dca sse4_1 sse4_2 x2apic popcnt tsc_deadline_timer aes xsave avx lahf_lm ida arat xsaveopt pln pts dts tpr_shadow vnmi flexpriority ept vpid
bogomips	: 5399.22
clflush size	: 64
cache_alignment	: 64
address sizes	: 46 bits physical, 48 bits virtual
power management:

processor	: 14
vendor_id	: GenuineIntel
cpu family	: 6
model		: 45
model name	: Intel(R) Xeon(R) CPU E5-2680 0 @ 2.70GHz
stepping	: 7
cpu MHz		: 2701.000
cache size	: 20480 KB
physical id	: 1
siblings	: 8
core id		: 6
cpu cores	: 8
apicid		: 44
initial apicid	: 44
fpu		: yes
fpu_exception	: yes
cpuid level	: 13
wp		: yes
flags		: fpu vme de pse tsc msr pae mce cx8 apic sep mtrr pge mca cmov pat pse36 clflush dts acpi mmx fxsr sse sse2 ss ht tm pbe syscall nx pdpe1gb rdtscp lm constant_tsc arch_perfmon pebs bts rep_good xtopology nonstop_tsc aperfmperf pni pclmulqdq dtes64 monitor ds_cpl vmx smx est tm2 ssse3 cx16 xtpr pdcm pcid dca sse4_1 sse4_2 x2apic popcnt tsc_deadline_timer aes xsave avx lahf_lm ida arat xsaveopt pln pts dts tpr_shadow vnmi flexpriority ept vpid
bogomips	: 5399.22
clflush size	: 64
cache_alignment	: 64
address sizes	: 46 bits physical, 48 bits virtual
power management:

processor	: 15
vendor_id	: GenuineIntel
cpu family	: 6
model		: 45
model name	: Intel(R) Xeon(R) CPU E5-2680 0 @ 2.70GHz
stepping	: 7
cpu MHz		: 2701.000
cache size	: 20480 KB
physical id	: 1
siblings	: 8
core id		: 7
cpu cores	: 8
apicid		: 46
initial apicid	: 46
fpu		: yes
fpu_exception	: yes
cpuid level	: 13
wp		: yes
flags		: fpu vme de pse tsc msr pae mce cx8 apic sep mtrr pge mca cmov pat pse36 clflush dts acpi mmx fxsr sse sse2 ss ht tm pbe syscall nx pdpe1gb rdtscp lm constant_tsc arch_perfmon pebs bts rep_good xtopology nonstop_tsc aperfmperf pni pclmulqdq dtes64 monitor ds_cpl vmx smx est tm2 ssse3 cx16 xtpr pdcm pcid dca sse4_1 sse4_2 x2apic popcnt tsc_deadline_timer aes xsave avx lahf_lm ida arat xsaveopt pln pts dts tpr_shadow vnmi flexpriority ept vpid
bogomips	: 5399.22
clflush size	: 64
cache_alignment	: 64
address sizes	: 46 bits physical, 48 bits virtual
power management:



Memory: 4k page, physical 32815324k(15135556k free), swap 0k(0k free)

vm_info: Java HotSpot(TM) 64-Bit Server VM (24.79-b02) for linux-amd64 JRE (1.7.0_79-b15), built on Apr 10 2015 11:34:48 by "java_re" with gcc 4.3.0 20080428 (Red Hat 4.3.0-8)

time: Sat May  7 15:09:37 2016
elapsed time: 39 seconds

